opt\netcfg-tui\backends.py:286: error: Item "None" of "list[IPAddress] | None" has no attribute "append"  [union-attr]
opt\netcfg-tui\backends.py:455: error: Item "None" of "list[IPAddress] | None" has no attribute "append"  [union-attr]
opt\netcfg-tui\backends.py:461: error: Item "None" of "list[str] | None" has no attribute "append"  [union-attr]
scripts\fix_all_errors.py:1781: error: Need type annotation for "error_codes" (hint: "error_codes: dict[<type>, <type>] = ...")  [var-annotated]
scripts\fix_all_errors.py:1923: error: "RunStats" has no attribute "mark_fixed"  [attr-defined]
scripts\fix_all_errors.py:1987: error: "RunStats" has no attribute "mark_fixed"  [attr-defined]
scripts\fix_all_errors.py:2046: error: "RunStats" has no attribute "mark_fixed"  [attr-defined]
scripts\fix_all_errors.py:2096: error: Need type annotation for "new_lines" (hint: "new_lines: list[<type>] = ...")  [var-annotated]
scripts\fix_all_errors.py:2123: error: "RunStats" has no attribute "mark_fixed"  [attr-defined]
scripts\fix_all_errors.py:2683: error: Unsupported operand types for >= ("int" and "object")  [operator]
scripts\fix_all_errors.py:2683: note: Left operand is of type "object | Any"
scripts\fix_all_errors.py:2684: error: Argument 3 to "add" of "RunStats" has incompatible type "object | Any"; expected "int"  [arg-type]
scripts\fix_all_errors.py:2732: error: Name "CI_MarkdownLintFixer" already defined on line 1576  [no-redef]
opt\services\virtualization\xen_manager.py:190: note: By default the bodies of untyped functions are not checked, consider using --check-untyped-defs  [annotation-unchecked]
opt\services\virtualization\xen_manager.py:337: error: Need type annotation for "vms" (hint: "vms: list[<type>] = ...")  [var-annotated]
opt\services\virtualization\xen_manager.py:645: note: By default the bodies of untyped functions are not checked, consider using --check-untyped-defs  [annotation-unchecked]
opt\services\ops\ai_runbooks.py:202: note: By default the bodies of untyped functions are not checked, consider using --check-untyped-defs  [annotation-unchecked]
opt\services\ops\ai_runbooks.py:649: note: By default the bodies of untyped functions are not checked, consider using --check-untyped-defs  [annotation-unchecked]
opt\services\observability\carbon_telemetry.py:216: note: By default the bodies of untyped functions are not checked, consider using --check-untyped-defs  [annotation-unchecked]
opt\services\observability\carbon_telemetry.py:217: note: By default the bodies of untyped functions are not checked, consider using --check-untyped-defs  [annotation-unchecked]
opt\services\observability\carbon_telemetry.py:218: note: By default the bodies of untyped functions are not checked, consider using --check-untyped-defs  [annotation-unchecked]
opt\services\observability\carbon_telemetry.py:219: note: By default the bodies of untyped functions are not checked, consider using --check-untyped-defs  [annotation-unchecked]
opt\services\observability\carbon_telemetry.py:695: note: By default the bodies of untyped functions are not checked, consider using --check-untyped-defs  [annotation-unchecked]
opt\services\marketplace\governance.py:220: note: By default the bodies of untyped functions are not checked, consider using --check-untyped-defs  [annotation-unchecked]
opt\services\marketplace\governance.py:499: note: By default the bodies of untyped functions are not checked, consider using --check-untyped-defs  [annotation-unchecked]
opt\services\compliance\auto_remediation.py:192: note: By default the bodies of untyped functions are not checked, consider using --check-untyped-defs  [annotation-unchecked]
opt\services\compliance\auto_remediation.py:193: note: By default the bodies of untyped functions are not checked, consider using --check-untyped-defs  [annotation-unchecked]
opt\services\compliance\auto_remediation.py:194: note: By default the bodies of untyped functions are not checked, consider using --check-untyped-defs  [annotation-unchecked]
tests\test_licensing.py:35: error: Module has no attribute "now"  [attr-defined]
tests\test_licensing.py:35: error: Name "timezone" is not defined  [name-defined]
tests\test_licensing.py:36: error: Name "LicenseFeatures" is not defined  [name-defined]
tests\test_licensing.py:37: error: Name "LicenseTier" is not defined  [name-defined]
tests\test_licensing.py:40: error: Name "timedelta" is not defined  [name-defined]
tests\test_licensing.py:45: error: Name "LicenseFeatures" is not defined  [name-defined]
tests\test_licensing.py:45: error: Name "LicenseTier" is not defined  [name-defined]
tests\test_licensing.py:50: error: Name "LicenseFeatures" is not defined  [name-defined]
tests\test_licensing.py:50: error: Name "LicenseTier" is not defined  [name-defined]
tests\test_licensing.py:53: error: Name "FeatureFlag" is not defined  [name-defined]
tests\test_licensing.py:54: error: Name "FeatureFlag" is not defined  [name-defined]
tests\test_licensing.py:55: error: Name "FeatureFlag" is not defined  [name-defined]
tests\test_licensing.py:59: error: Name "LicenseFeatures" is not defined  [name-defined]
tests\test_licensing.py:60: error: Name "LicenseTier" is not defined  [name-defined]
tests\test_licensing.py:66: error: Name "FeatureFlag" is not defined  [name-defined]
tests\test_licensing.py:67: error: Name "FeatureFlag" is not defined  [name-defined]
tests\test_licensing.py:74: error: Name "LicenseFeatures" is not defined  [name-defined]
tests\test_licensing.py:75: error: Name "LicenseTier" is not defined  [name-defined]
tests\test_licensing.py:76: error: Module has no attribute "now"  [attr-defined]
tests\test_licensing.py:76: error: Name "timezone" is not defined  [name-defined]
tests\test_licensing.py:79: error: Name "LicenseBundle" is not defined  [name-defined]
tests\test_licensing.py:82: error: Module has no attribute "now"  [attr-defined]
tests\test_licensing.py:82: error: Name "timezone" is not defined  [name-defined]
tests\test_licensing.py:94: error: Name "LicenseBundle" is not defined  [name-defined]
tests\test_licensing.py:134: error: Name "ECDSAVerifier" is not defined  [name-defined]
opt\core\request_context.py:578: error: Argument 2 of "process" is incompatible with supertype "logging.LoggerAdapter"; supertype defines the argument type as "MutableMapping[str, Any]"  [override]
opt\core\request_context.py:578: note: This violates the Liskov substitution principle
opt\core\request_context.py:578: note: See https://mypy.readthedocs.io/en/stable/common_issues.html#incompatible-overrides
tests\test_passthrough.py:420: note: By default the bodies of untyped functions are not checked, consider using --check-untyped-defs  [annotation-unchecked]
tests\test_marketplace_governance.py:11: error: Name "SecurityScanner" is not defined  [name-defined]
tests\test_marketplace_governance.py:12: error: Name "Recipe" is not defined  [name-defined]
tests\test_marketplace_governance.py:29: error: Name "SecurityScanResult" is not defined  [name-defined]
tests\test_marketplace_governance.py:50: error: Name "SecurityScanResult" is not defined  [name-defined]
tests\test_marketplace_governance.py:64: error: Name "SecurityScanResult" is not defined  [name-defined]
tests\conftest.py:80: note: By default the bodies of untyped functions are not checked, consider using --check-untyped-defs  [annotation-unchecked]
tests\conftest.py:80: note: Error code "annotation-unchecked" not covered by "type: ignore" comment
opt\services\test_phase5_features.py:216: error: Argument 3 to "_parse_ldap_entry" of "LDAPBackend" has incompatible type "dict[str, list[str]]"; expected "dict[str, list[bytes]]"  [arg-type]
tests\test_migrations.py:16: error: Name "Flask" is not defined  [name-defined]
tests\test_audit_chain.py:14: error: Name "Flask" is not defined  [name-defined]
tests\test_audit_chain.py:20: error: Name "db" is not defined  [name-defined]
tests\test_audit_chain.py:23: error: Name "db" is not defined  [name-defined]
tests\test_audit_chain.py:26: error: Name "db" is not defined  [name-defined]
tests\test_audit_chain.py:27: error: Name "db" is not defined  [name-defined]
tests\test_audit_chain.py:55: error: Name "db" is not defined  [name-defined]
tests\test_audit_chain.py:69: error: Name "db" is not defined  [name-defined]
opt\web\dashboard\app.py:204: error: Incompatible types in assignment (expression has type "CompliancePolicy | None", variable has type "CompliancePolicy")  [assignment]
opt\web\dashboard\app.py:215: error: Incompatible types in assignment (expression has type "float | int", target has type "int")  [assignment]
Found 55 errors in 10 files (checked 297 source files)
